<?xml version="1.0" encoding="UTF-8"?>
<!-- Generated by org.testng.reporters.JUnitReportReporter -->
<testsuite hostname="user" name="qa.api.tests.GetAPITests" tests="4" failures="0" timestamp="13 Oct 2019 12:55:45 GMT" time="2.798" errors="0">
  <testcase name="apiResponseStatusCheck" time="1.417" classname="qa.api.tests.GetAPITests"/>
  <testcase name="apiResponseListUsersCheck" time="0.008" classname="qa.api.tests.GetAPITests"/>
  <testcase name="apiResponseHeadersCheck" time="0.004" classname="qa.api.tests.GetAPITests"/>
  <testcase name="apiResponseCheckWithHeaders" time="1.369" classname="qa.api.tests.GetAPITests"/>
</testsuite> <!-- qa.api.tests.GetAPITests -->
