<?xml version="1.0" encoding="UTF-8"?>
<!-- Generated by org.testng.reporters.JUnitReportReporter -->
<testsuite hostname="user" name="qa.api.tests.PutAPITest" tests="2" failures="0" timestamp="21 Oct 2019 14:15:32 GMT" time="1.892" errors="0">
  <testcase name="putAPIJSONResponseCheck" time="0.018" classname="qa.api.tests.PutAPITest"/>
  <testcase name="putAPIStatusCheck" time="1.874" classname="qa.api.tests.PutAPITest"/>
</testsuite> <!-- qa.api.tests.PutAPITest -->
