<?xml version="1.0" encoding="UTF-8"?>
<!-- Generated by org.testng.reporters.JUnitReportReporter -->
<testsuite hostname="user" name="qa.api.tests.PostAPITests" tests="2" failures="0" timestamp="13 Oct 2019 12:55:45 GMT" time="0.957" errors="0">
  <testcase name="postAPIJSONresponseCheck" time="0.008" classname="qa.api.tests.PostAPITests"/>
  <testcase name="postAPITestStatusCheck" time="0.949" classname="qa.api.tests.PostAPITests"/>
</testsuite> <!-- qa.api.tests.PostAPITests -->
