<?xml version="1.0" encoding="UTF-8"?>
<!-- Generated by org.testng.reporters.JUnitReportReporter -->
<testsuite hostname="user" name="qa.api.tests.PostAPITest" tests="2" failures="0" timestamp="21 Oct 2019 14:15:32 GMT" time="2.026" errors="0">
  <testcase name="postAPIJSONresponseCheck" time="0.053" classname="qa.api.tests.PostAPITest"/>
  <testcase name="postAPITestStatusCheck" time="1.973" classname="qa.api.tests.PostAPITest"/>
</testsuite> <!-- qa.api.tests.PostAPITest -->
