<?xml version="1.0" encoding="UTF-8"?>
<!-- Generated by org.testng.reporters.JUnitReportReporter -->
<testsuite hostname="user" name="qa.api.tests.PutAPITests" tests="2" failures="0" timestamp="13 Oct 2019 12:55:45 GMT" time="2.899" errors="0">
  <testcase name="putAPIStatusCheck" time="2.842" classname="qa.api.tests.PutAPITests"/>
  <testcase name="putAPIJSONResponseCheck" time="0.057" classname="qa.api.tests.PutAPITests"/>
</testsuite> <!-- qa.api.tests.PutAPITests -->
