<?xml version="1.0" encoding="UTF-8"?>
<!-- Generated by org.testng.reporters.JUnitReportReporter -->
<testsuite hostname="user" name="qa.api.tests.GetAPITest" tests="4" failures="0" timestamp="21 Oct 2019 14:15:32 GMT" time="4.843" errors="0">
  <testcase name="apiResponseStatusCheck" time="3.855" classname="qa.api.tests.GetAPITest"/>
  <testcase name="apiResponseListUsersCheck" time="0.016" classname="qa.api.tests.GetAPITest"/>
  <testcase name="apiResponseHeadersCheck" time="0.012" classname="qa.api.tests.GetAPITest"/>
  <testcase name="apiResponseCheckWithHeaders" time="0.960" classname="qa.api.tests.GetAPITest"/>
</testsuite> <!-- qa.api.tests.GetAPITest -->
